<?xml version="1.0" encoding="UTF-8"?>
<testsuite name="functional_tests.HelloTest" tests="1" skipped="0" failures="0" errors="0" timestamp="2019-04-10T08:00:24" hostname="CNHong.local" time="4.27">
  <properties/>
  <testcase name="first_get_json_test" classname="functional_tests.HelloTest" time="4.27"/>
  <system-out><![CDATA[say test function
]]></system-out>
  <system-err><![CDATA[]]></system-err>
</testsuite>
