<?xml version="1.0" encoding="UTF-8"?>
<testsuite name="integrational_tests.WorldTest" tests="1" skipped="0" failures="0" errors="0" timestamp="2019-04-10T08:00:28" hostname="CNHong.local" time="1.816">
  <properties/>
  <testcase name="first_get_json_test" classname="integrational_tests.WorldTest" time="1.816"/>
  <system-out><![CDATA[say test integration
]]></system-out>
  <system-err><![CDATA[]]></system-err>
</testsuite>
